{"/home/ubuntu/Date-A-Dog/api/www/js/address.js":{"path":"/home/ubuntu/Date-A-Dog/api/www/js/address.js","s":{"1":1,"2":14,"3":14,"4":14,"5":14,"6":14,"7":14,"8":1,"9":1,"10":0},"b":{"1":[1,0],"2":[1,1]},"f":{"1":14},"fnMap":{"1":{"name":"(anonymous_1)","line":5,"loc":{"start":{"line":5,"column":14},"end":{"line":5,"column":53}}}},"statementMap":{"1":{"start":{"line":5,"column":0},"end":{"line":13,"column":2}},"2":{"start":{"line":7,"column":2},"end":{"line":7,"column":19}},"3":{"start":{"line":8,"column":2},"end":{"line":8,"column":26}},"4":{"start":{"line":9,"column":2},"end":{"line":9,"column":22}},"5":{"start":{"line":10,"column":2},"end":{"line":10,"column":24}},"6":{"start":{"line":11,"column":2},"end":{"line":11,"column":28}},"7":{"start":{"line":12,"column":2},"end":{"line":12,"column":17}},"8":{"start":{"line":15,"column":0},"end":{"line":19,"column":1}},"9":{"start":{"line":16,"column":1},"end":{"line":16,"column":26}},"10":{"start":{"line":18,"column":2},"end":{"line":18,"column":27}}},"branchMap":{"1":{"line":15,"type":"if","locations":[{"start":{"line":15,"column":0},"end":{"line":15,"column":0}},{"start":{"line":15,"column":0},"end":{"line":15,"column":0}}]},"2":{"line":15,"type":"binary-expr","locations":[{"start":{"line":15,"column":4},"end":{"line":15,"column":33}},{"start":{"line":15,"column":37},"end":{"line":15,"column":74}}]}}},"/home/ubuntu/Date-A-Dog/api/www/js/daterequest.js":{"path":"/home/ubuntu/Date-A-Dog/api/www/js/daterequest.js","s":{"1":1,"2":14,"3":14,"4":14,"5":14,"6":14,"7":14,"8":14,"9":1,"10":1,"11":0},"b":{"1":[1,0],"2":[1,1]},"f":{"1":14},"fnMap":{"1":{"name":"(anonymous_1)","line":6,"loc":{"start":{"line":6,"column":14},"end":{"line":6,"column":78}}}},"statementMap":{"1":{"start":{"line":6,"column":0},"end":{"line":17,"column":2}},"2":{"start":{"line":7,"column":2},"end":{"line":7,"column":19}},"3":{"start":{"line":10,"column":2},"end":{"line":10,"column":25}},"4":{"start":{"line":11,"column":2},"end":{"line":11,"column":36}},"5":{"start":{"line":12,"column":2},"end":{"line":12,"column":38}},"6":{"start":{"line":13,"column":2},"end":{"line":13,"column":34}},"7":{"start":{"line":14,"column":2},"end":{"line":14,"column":32}},"8":{"start":{"line":16,"column":2},"end":{"line":16,"column":17}},"9":{"start":{"line":19,"column":0},"end":{"line":23,"column":1}},"10":{"start":{"line":20,"column":1},"end":{"line":20,"column":30}},"11":{"start":{"line":22,"column":2},"end":{"line":22,"column":35}}},"branchMap":{"1":{"line":19,"type":"if","locations":[{"start":{"line":19,"column":0},"end":{"line":19,"column":0}},{"start":{"line":19,"column":0},"end":{"line":19,"column":0}}]},"2":{"line":19,"type":"binary-expr","locations":[{"start":{"line":19,"column":4},"end":{"line":19,"column":33}},{"start":{"line":19,"column":37},"end":{"line":19,"column":74}}]}}},"/home/ubuntu/Date-A-Dog/api/www/js/daterprofile.js":{"path":"/home/ubuntu/Date-A-Dog/api/www/js/daterprofile.js","s":{"1":1,"2":14,"3":14,"4":14,"5":14,"6":14,"7":14,"8":14,"9":1,"10":1,"11":0},"b":{"1":[1,0],"2":[1,1]},"f":{"1":14},"fnMap":{"1":{"name":"(anonymous_1)","line":5,"loc":{"start":{"line":5,"column":18},"end":{"line":5,"column":63}}}},"statementMap":{"1":{"start":{"line":5,"column":0},"end":{"line":15,"column":1}},"2":{"start":{"line":7,"column":2},"end":{"line":7,"column":19}},"3":{"start":{"line":8,"column":2},"end":{"line":8,"column":24}},"4":{"start":{"line":9,"column":2},"end":{"line":9,"column":24}},"5":{"start":{"line":10,"column":2},"end":{"line":10,"column":24}},"6":{"start":{"line":11,"column":2},"end":{"line":11,"column":24}},"7":{"start":{"line":12,"column":2},"end":{"line":12,"column":28}},"8":{"start":{"line":14,"column":2},"end":{"line":14,"column":17}},"9":{"start":{"line":16,"column":0},"end":{"line":20,"column":1}},"10":{"start":{"line":17,"column":1},"end":{"line":17,"column":31}},"11":{"start":{"line":19,"column":2},"end":{"line":19,"column":37}}},"branchMap":{"1":{"line":16,"type":"if","locations":[{"start":{"line":16,"column":0},"end":{"line":16,"column":0}},{"start":{"line":16,"column":0},"end":{"line":16,"column":0}}]},"2":{"line":16,"type":"binary-expr","locations":[{"start":{"line":16,"column":4},"end":{"line":16,"column":33}},{"start":{"line":16,"column":37},"end":{"line":16,"column":74}}]}}},"/home/ubuntu/Date-A-Dog/api/www/js/dogprofile.js":{"path":"/home/ubuntu/Date-A-Dog/api/www/js/dogprofile.js","s":{"1":1,"2":14,"3":14,"4":14,"5":14,"6":14,"7":14,"8":14,"9":1,"10":1,"11":0},"b":{"1":[1,0],"2":[1,1]},"f":{"1":14},"fnMap":{"1":{"name":"(anonymous_1)","line":7,"loc":{"start":{"line":7,"column":17},"end":{"line":7,"column":59}}}},"statementMap":{"1":{"start":{"line":7,"column":0},"end":{"line":19,"column":2}},"2":{"start":{"line":9,"column":2},"end":{"line":9,"column":19}},"3":{"start":{"line":12,"column":2},"end":{"line":12,"column":27}},"4":{"start":{"line":13,"column":2},"end":{"line":13,"column":26}},"5":{"start":{"line":14,"column":2},"end":{"line":14,"column":25}},"6":{"start":{"line":15,"column":2},"end":{"line":15,"column":25}},"7":{"start":{"line":16,"column":2},"end":{"line":16,"column":30}},"8":{"start":{"line":18,"column":2},"end":{"line":18,"column":17}},"9":{"start":{"line":20,"column":0},"end":{"line":24,"column":1}},"10":{"start":{"line":21,"column":1},"end":{"line":21,"column":29}},"11":{"start":{"line":23,"column":2},"end":{"line":23,"column":33}}},"branchMap":{"1":{"line":20,"type":"if","locations":[{"start":{"line":20,"column":0},"end":{"line":20,"column":0}},{"start":{"line":20,"column":0},"end":{"line":20,"column":0}}]},"2":{"line":20,"type":"binary-expr","locations":[{"start":{"line":20,"column":4},"end":{"line":20,"column":33}},{"start":{"line":20,"column":37},"end":{"line":20,"column":74}}]}}},"/home/ubuntu/Date-A-Dog/api/www/js/shelter.js":{"path":"/home/ubuntu/Date-A-Dog/api/www/js/shelter.js","s":{"1":1,"2":1,"3":1,"4":1,"5":1,"6":1,"7":1,"8":7,"9":1,"10":6,"11":6,"12":6,"13":6,"14":6,"15":6,"16":9,"17":0,"18":0,"19":0,"20":0,"21":0,"22":0,"23":0,"24":0,"25":0,"26":0,"27":0,"28":0,"29":9,"30":2,"31":9,"32":9,"33":9,"34":6,"35":7,"36":2,"37":5,"38":6,"39":7,"40":2,"41":5,"42":6,"43":0,"44":0,"45":0,"46":0,"47":0,"48":0,"49":0,"50":0,"51":1,"52":10,"53":10,"54":16,"55":16,"56":4,"57":12,"58":4,"59":10,"60":1,"61":9,"62":9,"63":12,"64":12,"65":12,"66":12,"67":12,"68":12,"69":9,"70":1,"71":12,"72":12,"73":12,"74":12,"75":12,"76":12,"77":12,"78":12,"79":12,"80":6,"81":1,"82":1,"83":0},"b":{"1":[1,0],"2":[1,6],"3":[7,7],"4":[6,1],"5":[0,9],"6":[0,0],"7":[0,0],"8":[0,0],"9":[2,7],"10":[2,5],"11":[2,5],"12":[0,0],"13":[0,0],"14":[4,12],"15":[16,8],"16":[4,8],"17":[12,8],"18":[6,6],"19":[12,0],"20":[1,0],"21":[1,1]},"f":{"1":7,"2":9,"3":0,"4":7,"5":7,"6":0,"7":0,"8":10,"9":9,"10":12},"fnMap":{"1":{"name":"(anonymous_1)","line":18,"loc":{"start":{"line":18,"column":14},"end":{"line":18,"column":49}}},"2":{"name":"(anonymous_2)","line":50,"loc":{"start":{"line":50,"column":31},"end":{"line":50,"column":50}}},"3":{"name":"(anonymous_3)","line":54,"loc":{"start":{"line":54,"column":39},"end":{"line":54,"column":50}}},"4":{"name":"(anonymous_4)","line":92,"loc":{"start":{"line":92,"column":31},"end":{"line":92,"column":42}}},"5":{"name":"(anonymous_5)","line":108,"loc":{"start":{"line":108,"column":31},"end":{"line":108,"column":42}}},"6":{"name":"(anonymous_6)","line":119,"loc":{"start":{"line":119,"column":32},"end":{"line":119,"column":63}}},"7":{"name":"(anonymous_7)","line":121,"loc":{"start":{"line":121,"column":37},"end":{"line":121,"column":48}}},"8":{"name":"filterDateRequests","line":143,"loc":{"start":{"line":143,"column":2},"end":{"line":143,"column":40}}},"9":{"name":"extractDateRequestProperties","line":195,"loc":{"start":{"line":195,"column":2},"end":{"line":195,"column":46}}},"10":{"name":"epochToString","line":239,"loc":{"start":{"line":239,"column":2},"end":{"line":239,"column":32}}}},"statementMap":{"1":{"start":{"line":3,"column":0},"end":{"line":9,"column":1}},"2":{"start":{"line":4,"column":1},"end":{"line":4,"column":24}},"3":{"start":{"line":5,"column":1},"end":{"line":5,"column":46}},"4":{"start":{"line":6,"column":1},"end":{"line":6,"column":42}},"5":{"start":{"line":7,"column":1},"end":{"line":7,"column":44}},"6":{"start":{"line":8,"column":1},"end":{"line":8,"column":36}},"7":{"start":{"line":18,"column":0},"end":{"line":254,"column":2}},"8":{"start":{"line":20,"column":2},"end":{"line":22,"column":3}},"9":{"start":{"line":21,"column":4},"end":{"line":21,"column":80}},"10":{"start":{"line":25,"column":2},"end":{"line":25,"column":31}},"11":{"start":{"line":27,"column":2},"end":{"line":27,"column":21}},"12":{"start":{"line":29,"column":2},"end":{"line":29,"column":57}},"13":{"start":{"line":31,"column":2},"end":{"line":31,"column":19}},"14":{"start":{"line":34,"column":2},"end":{"line":34,"column":50}},"15":{"start":{"line":50,"column":2},"end":{"line":82,"column":4}},"16":{"start":{"line":51,"column":4},"end":{"line":81,"column":5}},"17":{"start":{"line":53,"column":6},"end":{"line":53,"column":45}},"18":{"start":{"line":54,"column":6},"end":{"line":64,"column":8}},"19":{"start":{"line":55,"column":8},"end":{"line":63,"column":9}},"20":{"start":{"line":56,"column":10},"end":{"line":56,"column":58}},"21":{"start":{"line":57,"column":10},"end":{"line":62,"column":11}},"22":{"start":{"line":59,"column":12},"end":{"line":59,"column":30}},"23":{"start":{"line":60,"column":12},"end":{"line":60,"column":62}},"24":{"start":{"line":61,"column":12},"end":{"line":61,"column":23}},"25":{"start":{"line":66,"column":6},"end":{"line":66,"column":58}},"26":{"start":{"line":67,"column":6},"end":{"line":67,"column":85}},"27":{"start":{"line":68,"column":6},"end":{"line":68,"column":58}},"28":{"start":{"line":69,"column":6},"end":{"line":69,"column":41}},"29":{"start":{"line":73,"column":6},"end":{"line":76,"column":7}},"30":{"start":{"line":75,"column":8},"end":{"line":75,"column":59}},"31":{"start":{"line":78,"column":6},"end":{"line":78,"column":54}},"32":{"start":{"line":79,"column":6},"end":{"line":79,"column":44}},"33":{"start":{"line":80,"column":6},"end":{"line":80,"column":63}},"34":{"start":{"line":92,"column":2},"end":{"line":98,"column":4}},"35":{"start":{"line":93,"column":4},"end":{"line":95,"column":5}},"36":{"start":{"line":94,"column":6},"end":{"line":94,"column":84}},"37":{"start":{"line":97,"column":4},"end":{"line":97,"column":46}},"38":{"start":{"line":108,"column":2},"end":{"line":114,"column":4}},"39":{"start":{"line":109,"column":4},"end":{"line":111,"column":5}},"40":{"start":{"line":110,"column":6},"end":{"line":110,"column":84}},"41":{"start":{"line":113,"column":4},"end":{"line":113,"column":46}},"42":{"start":{"line":119,"column":2},"end":{"line":131,"column":4}},"43":{"start":{"line":120,"column":4},"end":{"line":120,"column":43}},"44":{"start":{"line":121,"column":4},"end":{"line":125,"column":6}},"45":{"start":{"line":122,"column":6},"end":{"line":124,"column":7}},"46":{"start":{"line":123,"column":8},"end":{"line":123,"column":75}},"47":{"start":{"line":127,"column":4},"end":{"line":127,"column":57}},"48":{"start":{"line":128,"column":4},"end":{"line":128,"column":83}},"49":{"start":{"line":129,"column":4},"end":{"line":129,"column":56}},"50":{"start":{"line":130,"column":4},"end":{"line":130,"column":77}},"51":{"start":{"line":143,"column":2},"end":{"line":158,"column":3}},"52":{"start":{"line":144,"column":4},"end":{"line":144,"column":25}},"53":{"start":{"line":146,"column":4},"end":{"line":156,"column":5}},"54":{"start":{"line":147,"column":6},"end":{"line":147,"column":42}},"55":{"start":{"line":149,"column":6},"end":{"line":155,"column":7}},"56":{"start":{"line":151,"column":8},"end":{"line":151,"column":42}},"57":{"start":{"line":152,"column":13},"end":{"line":155,"column":7}},"58":{"start":{"line":154,"column":8},"end":{"line":154,"column":42}},"59":{"start":{"line":157,"column":4},"end":{"line":157,"column":23}},"60":{"start":{"line":195,"column":2},"end":{"line":229,"column":3}},"61":{"start":{"line":196,"column":4},"end":{"line":196,"column":27}},"62":{"start":{"line":199,"column":4},"end":{"line":226,"column":5}},"63":{"start":{"line":200,"column":6},"end":{"line":200,"column":22}},"64":{"start":{"line":203,"column":6},"end":{"line":206,"column":40}},"65":{"start":{"line":208,"column":6},"end":{"line":212,"column":41}},"66":{"start":{"line":214,"column":6},"end":{"line":218,"column":53}},"67":{"start":{"line":220,"column":6},"end":{"line":223,"column":56}},"68":{"start":{"line":225,"column":6},"end":{"line":225,"column":40}},"69":{"start":{"line":228,"column":4},"end":{"line":228,"column":25}},"70":{"start":{"line":239,"column":2},"end":{"line":251,"column":3}},"71":{"start":{"line":240,"column":4},"end":{"line":240,"column":35}},"72":{"start":{"line":241,"column":4},"end":{"line":241,"column":34}},"73":{"start":{"line":242,"column":4},"end":{"line":242,"column":29}},"74":{"start":{"line":243,"column":4},"end":{"line":243,"column":33}},"75":{"start":{"line":244,"column":4},"end":{"line":244,"column":36}},"76":{"start":{"line":245,"column":4},"end":{"line":245,"column":37}},"77":{"start":{"line":247,"column":4},"end":{"line":247,"column":40}},"78":{"start":{"line":248,"column":4},"end":{"line":248,"column":44}},"79":{"start":{"line":250,"column":4},"end":{"line":250,"column":68}},"80":{"start":{"line":253,"column":2},"end":{"line":253,"column":17}},"81":{"start":{"line":256,"column":0},"end":{"line":260,"column":1}},"82":{"start":{"line":257,"column":1},"end":{"line":257,"column":26}},"83":{"start":{"line":259,"column":2},"end":{"line":259,"column":27}}},"branchMap":{"1":{"line":3,"type":"if","locations":[{"start":{"line":3,"column":0},"end":{"line":3,"column":0}},{"start":{"line":3,"column":0},"end":{"line":3,"column":0}}]},"2":{"line":20,"type":"if","locations":[{"start":{"line":20,"column":2},"end":{"line":20,"column":2}},{"start":{"line":20,"column":2},"end":{"line":20,"column":2}}]},"3":{"line":20,"type":"binary-expr","locations":[{"start":{"line":20,"column":6},"end":{"line":20,"column":19}},{"start":{"line":20,"column":23},"end":{"line":20,"column":43}}]},"4":{"line":34,"type":"binary-expr","locations":[{"start":{"line":34,"column":24},"end":{"line":34,"column":40}},{"start":{"line":34,"column":44},"end":{"line":34,"column":49}}]},"5":{"line":51,"type":"if","locations":[{"start":{"line":51,"column":4},"end":{"line":51,"column":4}},{"start":{"line":51,"column":4},"end":{"line":51,"column":4}}]},"6":{"line":55,"type":"if","locations":[{"start":{"line":55,"column":8},"end":{"line":55,"column":8}},{"start":{"line":55,"column":8},"end":{"line":55,"column":8}}]},"7":{"line":55,"type":"binary-expr","locations":[{"start":{"line":55,"column":12},"end":{"line":55,"column":40}},{"start":{"line":55,"column":44},"end":{"line":55,"column":70}}]},"8":{"line":57,"type":"if","locations":[{"start":{"line":57,"column":10},"end":{"line":57,"column":10}},{"start":{"line":57,"column":10},"end":{"line":57,"column":10}}]},"9":{"line":73,"type":"if","locations":[{"start":{"line":73,"column":6},"end":{"line":73,"column":6}},{"start":{"line":73,"column":6},"end":{"line":73,"column":6}}]},"10":{"line":93,"type":"if","locations":[{"start":{"line":93,"column":4},"end":{"line":93,"column":4}},{"start":{"line":93,"column":4},"end":{"line":93,"column":4}}]},"11":{"line":109,"type":"if","locations":[{"start":{"line":109,"column":4},"end":{"line":109,"column":4}},{"start":{"line":109,"column":4},"end":{"line":109,"column":4}}]},"12":{"line":122,"type":"if","locations":[{"start":{"line":122,"column":6},"end":{"line":122,"column":6}},{"start":{"line":122,"column":6},"end":{"line":122,"column":6}}]},"13":{"line":122,"type":"binary-expr","locations":[{"start":{"line":122,"column":10},"end":{"line":122,"column":38}},{"start":{"line":122,"column":42},"end":{"line":122,"column":68}}]},"14":{"line":149,"type":"if","locations":[{"start":{"line":149,"column":6},"end":{"line":149,"column":6}},{"start":{"line":149,"column":6},"end":{"line":149,"column":6}}]},"15":{"line":149,"type":"binary-expr","locations":[{"start":{"line":149,"column":10},"end":{"line":149,"column":36}},{"start":{"line":149,"column":40},"end":{"line":149,"column":53}}]},"16":{"line":152,"type":"if","locations":[{"start":{"line":152,"column":13},"end":{"line":152,"column":13}},{"start":{"line":152,"column":13},"end":{"line":152,"column":13}}]},"17":{"line":152,"type":"binary-expr","locations":[{"start":{"line":152,"column":17},"end":{"line":152,"column":43}},{"start":{"line":152,"column":47},"end":{"line":152,"column":60}}]},"18":{"line":247,"type":"cond-expr","locations":[{"start":{"line":247,"column":27},"end":{"line":247,"column":35}},{"start":{"line":247,"column":37},"end":{"line":247,"column":39}}]},"19":{"line":248,"type":"cond-expr","locations":[{"start":{"line":248,"column":29},"end":{"line":248,"column":38}},{"start":{"line":248,"column":40},"end":{"line":248,"column":43}}]},"20":{"line":256,"type":"if","locations":[{"start":{"line":256,"column":0},"end":{"line":256,"column":0}},{"start":{"line":256,"column":0},"end":{"line":256,"column":0}}]},"21":{"line":256,"type":"binary-expr","locations":[{"start":{"line":256,"column":4},"end":{"line":256,"column":33}},{"start":{"line":256,"column":37},"end":{"line":256,"column":74}}]}}}}