{"/home/ubuntu/Date-A-Dog/api/app.js":{"path":"/home/ubuntu/Date-A-Dog/api/app.js","s":{"1":1,"2":1,"3":1,"4":1,"5":1,"6":1,"7":1,"8":1,"9":1,"10":1,"11":1,"12":1,"13":1,"14":1,"15":1,"16":1,"17":1,"18":1,"19":0,"20":0,"21":0,"22":1,"23":1,"24":0,"25":0,"26":1,"27":0,"28":0,"29":1},"b":{"1":[1,0],"2":[0,0],"3":[0,0]},"f":{"1":0,"2":0,"3":0},"fnMap":{"1":{"name":"(anonymous_1)","line":30,"loc":{"start":{"line":30,"column":8},"end":{"line":30,"column":33}}},"2":{"name":"(anonymous_2)","line":41,"loc":{"start":{"line":41,"column":10},"end":{"line":41,"column":40}}},"3":{"name":"(anonymous_3)","line":52,"loc":{"start":{"line":52,"column":8},"end":{"line":52,"column":38}}}},"statementMap":{"1":{"start":{"line":1,"column":0},"end":{"line":1,"column":33}},"2":{"start":{"line":2,"column":0},"end":{"line":2,"column":27}},"3":{"start":{"line":3,"column":0},"end":{"line":3,"column":39}},"4":{"start":{"line":4,"column":0},"end":{"line":4,"column":31}},"5":{"start":{"line":5,"column":0},"end":{"line":5,"column":44}},"6":{"start":{"line":6,"column":0},"end":{"line":6,"column":40}},"7":{"start":{"line":9,"column":0},"end":{"line":9,"column":34}},"8":{"start":{"line":11,"column":0},"end":{"line":11,"column":20}},"9":{"start":{"line":14,"column":0},"end":{"line":14,"column":48}},"10":{"start":{"line":15,"column":0},"end":{"line":15,"column":31}},"11":{"start":{"line":19,"column":0},"end":{"line":19,"column":23}},"12":{"start":{"line":20,"column":0},"end":{"line":20,"column":27}},"13":{"start":{"line":21,"column":0},"end":{"line":21,"column":52}},"14":{"start":{"line":22,"column":0},"end":{"line":22,"column":24}},"15":{"start":{"line":23,"column":0},"end":{"line":23,"column":56}},"16":{"start":{"line":26,"column":0},"end":{"line":26,"column":57}},"17":{"start":{"line":27,"column":0},"end":{"line":27,"column":21}},"18":{"start":{"line":30,"column":0},"end":{"line":34,"column":3}},"19":{"start":{"line":31,"column":2},"end":{"line":31,"column":35}},"20":{"start":{"line":32,"column":2},"end":{"line":32,"column":19}},"21":{"start":{"line":33,"column":2},"end":{"line":33,"column":12}},"22":{"start":{"line":40,"column":0},"end":{"line":48,"column":1}},"23":{"start":{"line":41,"column":2},"end":{"line":47,"column":5}},"24":{"start":{"line":42,"column":4},"end":{"line":42,"column":34}},"25":{"start":{"line":43,"column":4},"end":{"line":46,"column":7}},"26":{"start":{"line":52,"column":0},"end":{"line":58,"column":3}},"27":{"start":{"line":53,"column":2},"end":{"line":53,"column":32}},"28":{"start":{"line":54,"column":2},"end":{"line":57,"column":5}},"29":{"start":{"line":61,"column":0},"end":{"line":61,"column":21}}},"branchMap":{"1":{"line":40,"type":"if","locations":[{"start":{"line":40,"column":0},"end":{"line":40,"column":0}},{"start":{"line":40,"column":0},"end":{"line":40,"column":0}}]},"2":{"line":42,"type":"binary-expr","locations":[{"start":{"line":42,"column":15},"end":{"line":42,"column":25}},{"start":{"line":42,"column":29},"end":{"line":42,"column":32}}]},"3":{"line":53,"type":"binary-expr","locations":[{"start":{"line":53,"column":13},"end":{"line":53,"column":23}},{"start":{"line":53,"column":27},"end":{"line":53,"column":30}}]}}},"/home/ubuntu/Date-A-Dog/api/routes/api.js":{"path":"/home/ubuntu/Date-A-Dog/api/routes/api.js","s":{"1":1,"2":1,"3":1,"4":1,"5":1,"6":0,"7":1,"8":1,"9":1,"10":1,"11":1,"12":1,"13":1,"14":1,"15":1,"16":1,"17":1,"18":1,"19":1,"20":1,"21":1,"22":1,"23":1,"24":1,"25":1,"26":1,"27":1,"28":1,"29":1},"b":{},"f":{"1":0},"fnMap":{"1":{"name":"(anonymous_1)","line":7,"loc":{"start":{"line":7,"column":16},"end":{"line":7,"column":41}}}},"statementMap":{"1":{"start":{"line":1,"column":0},"end":{"line":1,"column":33}},"2":{"start":{"line":2,"column":0},"end":{"line":2,"column":30}},"3":{"start":{"line":3,"column":0},"end":{"line":3,"column":42}},"4":{"start":{"line":4,"column":0},"end":{"line":4,"column":43}},"5":{"start":{"line":7,"column":0},"end":{"line":9,"column":3}},"6":{"start":{"line":8,"column":2},"end":{"line":8,"column":45}},"7":{"start":{"line":12,"column":0},"end":{"line":12,"column":54}},"8":{"start":{"line":13,"column":0},"end":{"line":13,"column":66}},"9":{"start":{"line":14,"column":0},"end":{"line":14,"column":70}},"10":{"start":{"line":15,"column":0},"end":{"line":15,"column":68}},"11":{"start":{"line":16,"column":0},"end":{"line":16,"column":74}},"12":{"start":{"line":17,"column":0},"end":{"line":17,"column":64}},"13":{"start":{"line":18,"column":0},"end":{"line":18,"column":80}},"14":{"start":{"line":19,"column":0},"end":{"line":19,"column":60}},"15":{"start":{"line":20,"column":0},"end":{"line":20,"column":66}},"16":{"start":{"line":21,"column":0},"end":{"line":21,"column":82}},"17":{"start":{"line":22,"column":0},"end":{"line":22,"column":64}},"18":{"start":{"line":25,"column":0},"end":{"line":25,"column":40}},"19":{"start":{"line":26,"column":0},"end":{"line":26,"column":52}},"20":{"start":{"line":27,"column":0},"end":{"line":27,"column":56}},"21":{"start":{"line":28,"column":0},"end":{"line":28,"column":54}},"22":{"start":{"line":29,"column":0},"end":{"line":29,"column":60}},"23":{"start":{"line":30,"column":0},"end":{"line":30,"column":50}},"24":{"start":{"line":31,"column":0},"end":{"line":31,"column":66}},"25":{"start":{"line":32,"column":0},"end":{"line":32,"column":46}},"26":{"start":{"line":33,"column":0},"end":{"line":33,"column":52}},"27":{"start":{"line":34,"column":0},"end":{"line":34,"column":68}},"28":{"start":{"line":35,"column":0},"end":{"line":35,"column":50}},"29":{"start":{"line":37,"column":0},"end":{"line":37,"column":24}}},"branchMap":{}},"/home/ubuntu/Date-A-Dog/api/controllers/auth.js":{"path":"/home/ubuntu/Date-A-Dog/api/controllers/auth.js","s":{"1":1,"2":1,"3":1,"4":0,"5":0,"6":0,"7":0,"8":0,"9":0,"10":1},"b":{},"f":{"1":0},"fnMap":{"1":{"name":"(anonymous_1)","line":8,"loc":{"start":{"line":8,"column":5},"end":{"line":8,"column":56}}}},"statementMap":{"1":{"start":{"line":1,"column":0},"end":{"line":1,"column":35}},"2":{"start":{"line":2,"column":0},"end":{"line":2,"column":63}},"3":{"start":{"line":4,"column":0},"end":{"line":17,"column":3}},"4":{"start":{"line":10,"column":4},"end":{"line":10,"column":18}},"5":{"start":{"line":11,"column":4},"end":{"line":11,"column":31}},"6":{"start":{"line":12,"column":4},"end":{"line":12,"column":35}},"7":{"start":{"line":13,"column":4},"end":{"line":13,"column":45}},"8":{"start":{"line":14,"column":4},"end":{"line":14,"column":47}},"9":{"start":{"line":15,"column":4},"end":{"line":15,"column":28}},"10":{"start":{"line":19,"column":0},"end":{"line":19,"column":89}}},"branchMap":{}},"/home/ubuntu/Date-A-Dog/api/controllers/queries.js":{"path":"/home/ubuntu/Date-A-Dog/api/controllers/queries.js","s":{"1":1,"2":1,"3":1,"4":1,"5":1,"6":1,"7":2,"8":2,"9":2,"10":2,"11":2,"12":0,"13":0,"14":1,"15":2,"16":2,"17":2,"18":0,"19":1,"20":1,"21":1,"22":1,"23":0,"24":1,"25":1,"26":1,"27":1,"28":0,"29":1,"30":1,"31":1,"32":1,"33":0,"34":1,"35":2,"36":2,"37":2,"38":0,"39":1,"40":1,"41":1,"42":1,"43":0,"44":1,"45":2,"46":2,"47":2,"48":0,"49":1,"50":1,"51":1,"52":1,"53":0,"54":1,"55":1,"56":1,"57":1,"58":0,"59":1,"60":2,"61":2,"62":2,"63":0,"64":1,"65":2,"66":2,"67":2,"68":2,"69":2,"70":1,"71":2,"72":2,"73":2,"74":1,"75":1,"76":1,"77":1,"78":1,"79":1,"80":1,"81":1,"82":1,"83":1,"84":1,"85":1,"86":1,"87":1,"88":1,"89":1,"90":1,"91":2,"92":2,"93":2,"94":1,"95":2,"96":2,"97":2,"98":1,"99":1,"100":1,"101":1,"102":1,"103":1,"104":1,"105":1,"106":1,"107":2,"108":2,"109":2,"110":1},"b":{},"f":{"1":2,"2":2,"3":2,"4":0,"5":0,"6":2,"7":2,"8":0,"9":1,"10":1,"11":0,"12":1,"13":1,"14":0,"15":1,"16":1,"17":0,"18":2,"19":2,"20":0,"21":1,"22":1,"23":0,"24":2,"25":2,"26":0,"27":1,"28":1,"29":0,"30":1,"31":1,"32":0,"33":2,"34":2,"35":0,"36":2,"37":2,"38":1,"39":1,"40":1,"41":1,"42":2,"43":2,"44":1,"45":1,"46":2},"fnMap":{"1":{"name":"login","line":22,"loc":{"start":{"line":22,"column":0},"end":{"line":22,"column":31}}},"2":{"name":"(anonymous_2)","line":28,"loc":{"start":{"line":28,"column":10},"end":{"line":28,"column":21}}},"3":{"name":"(anonymous_3)","line":43,"loc":{"start":{"line":43,"column":15},"end":{"line":43,"column":31}}},"4":{"name":"(anonymous_4)","line":46,"loc":{"start":{"line":46,"column":16},"end":{"line":46,"column":31}}},"5":{"name":"(anonymous_5)","line":50,"loc":{"start":{"line":50,"column":11},"end":{"line":50,"column":25}}},"6":{"name":"getNextDogs","line":55,"loc":{"start":{"line":55,"column":0},"end":{"line":55,"column":37}}},"7":{"name":"(anonymous_7)","line":65,"loc":{"start":{"line":65,"column":10},"end":{"line":65,"column":26}}},"8":{"name":"(anonymous_8)","line":68,"loc":{"start":{"line":68,"column":11},"end":{"line":68,"column":26}}},"9":{"name":"getDogHistory","line":73,"loc":{"start":{"line":73,"column":0},"end":{"line":73,"column":39}}},"10":{"name":"(anonymous_10)","line":79,"loc":{"start":{"line":79,"column":10},"end":{"line":79,"column":26}}},"11":{"name":"(anonymous_11)","line":82,"loc":{"start":{"line":82,"column":11},"end":{"line":82,"column":26}}},"12":{"name":"getLikedDogs","line":87,"loc":{"start":{"line":87,"column":0},"end":{"line":87,"column":38}}},"13":{"name":"(anonymous_13)","line":94,"loc":{"start":{"line":94,"column":10},"end":{"line":94,"column":26}}},"14":{"name":"(anonymous_14)","line":97,"loc":{"start":{"line":97,"column":11},"end":{"line":97,"column":26}}},"15":{"name":"getDislikedDogs","line":102,"loc":{"start":{"line":102,"column":0},"end":{"line":102,"column":41}}},"16":{"name":"(anonymous_16)","line":109,"loc":{"start":{"line":109,"column":10},"end":{"line":109,"column":26}}},"17":{"name":"(anonymous_17)","line":112,"loc":{"start":{"line":112,"column":11},"end":{"line":112,"column":26}}},"18":{"name":"getShelterRequests","line":117,"loc":{"start":{"line":117,"column":0},"end":{"line":117,"column":44}}},"19":{"name":"(anonymous_19)","line":140,"loc":{"start":{"line":140,"column":10},"end":{"line":140,"column":25}}},"20":{"name":"(anonymous_20)","line":143,"loc":{"start":{"line":143,"column":11},"end":{"line":143,"column":25}}},"21":{"name":"getShelter","line":148,"loc":{"start":{"line":148,"column":0},"end":{"line":148,"column":36}}},"22":{"name":"(anonymous_22)","line":153,"loc":{"start":{"line":153,"column":10},"end":{"line":153,"column":28}}},"23":{"name":"(anonymous_23)","line":156,"loc":{"start":{"line":156,"column":11},"end":{"line":156,"column":25}}},"24":{"name":"judgeDog","line":161,"loc":{"start":{"line":161,"column":0},"end":{"line":161,"column":34}}},"25":{"name":"(anonymous_25)","line":167,"loc":{"start":{"line":167,"column":10},"end":{"line":167,"column":22}}},"26":{"name":"(anonymous_26)","line":170,"loc":{"start":{"line":170,"column":11},"end":{"line":170,"column":26}}},"27":{"name":"requestDate","line":175,"loc":{"start":{"line":175,"column":0},"end":{"line":175,"column":37}}},"28":{"name":"(anonymous_28)","line":182,"loc":{"start":{"line":182,"column":12},"end":{"line":182,"column":23}}},"29":{"name":"(anonymous_29)","line":185,"loc":{"start":{"line":185,"column":13},"end":{"line":185,"column":27}}},"30":{"name":"updateRequestStatus","line":190,"loc":{"start":{"line":190,"column":0},"end":{"line":190,"column":45}}},"31":{"name":"(anonymous_31)","line":195,"loc":{"start":{"line":195,"column":10},"end":{"line":195,"column":22}}},"32":{"name":"(anonymous_32)","line":198,"loc":{"start":{"line":198,"column":11},"end":{"line":198,"column":26}}},"33":{"name":"updateUser","line":203,"loc":{"start":{"line":203,"column":0},"end":{"line":203,"column":36}}},"34":{"name":"(anonymous_34)","line":217,"loc":{"start":{"line":217,"column":14},"end":{"line":217,"column":26}}},"35":{"name":"(anonymous_35)","line":220,"loc":{"start":{"line":220,"column":15},"end":{"line":220,"column":30}}},"36":{"name":"loginTest","line":226,"loc":{"start":{"line":226,"column":0},"end":{"line":226,"column":35}}},"37":{"name":"getNextDogsTest","line":234,"loc":{"start":{"line":234,"column":0},"end":{"line":234,"column":41}}},"38":{"name":"getDogHistoryTest","line":240,"loc":{"start":{"line":240,"column":0},"end":{"line":240,"column":43}}},"39":{"name":"getLikedDogsTest","line":246,"loc":{"start":{"line":246,"column":0},"end":{"line":246,"column":42}}},"40":{"name":"getDislikedDogsTest","line":252,"loc":{"start":{"line":252,"column":0},"end":{"line":252,"column":45}}},"41":{"name":"getShelterTest","line":258,"loc":{"start":{"line":258,"column":0},"end":{"line":258,"column":40}}},"42":{"name":"getShelterRequestsTest","line":264,"loc":{"start":{"line":264,"column":0},"end":{"line":264,"column":48}}},"43":{"name":"judgeDogTest","line":270,"loc":{"start":{"line":270,"column":0},"end":{"line":270,"column":38}}},"44":{"name":"requestDateTest","line":276,"loc":{"start":{"line":276,"column":0},"end":{"line":276,"column":41}}},"45":{"name":"updateRequestStatusTest","line":282,"loc":{"start":{"line":282,"column":0},"end":{"line":282,"column":49}}},"46":{"name":"updateUserTest","line":288,"loc":{"start":{"line":288,"column":0},"end":{"line":288,"column":40}}}},"statementMap":{"1":{"start":{"line":1,"column":0},"end":{"line":1,"column":34}},"2":{"start":{"line":3,"column":0},"end":{"line":6,"column":2}},"3":{"start":{"line":8,"column":0},"end":{"line":8,"column":41}},"4":{"start":{"line":11,"column":0},"end":{"line":18,"column":2}},"5":{"start":{"line":19,"column":0},"end":{"line":19,"column":17}},"6":{"start":{"line":22,"column":0},"end":{"line":53,"column":1}},"7":{"start":{"line":24,"column":2},"end":{"line":26,"column":39}},"8":{"start":{"line":27,"column":2},"end":{"line":52,"column":7}},"9":{"start":{"line":29,"column":6},"end":{"line":41,"column":32}},"10":{"start":{"line":42,"column":7},"end":{"line":48,"column":12}},"11":{"start":{"line":44,"column":11},"end":{"line":44,"column":42}},"12":{"start":{"line":47,"column":11},"end":{"line":47,"column":28}},"13":{"start":{"line":51,"column":6},"end":{"line":51,"column":23}},"14":{"start":{"line":55,"column":0},"end":{"line":71,"column":1}},"15":{"start":{"line":56,"column":2},"end":{"line":63,"column":25}},"16":{"start":{"line":64,"column":2},"end":{"line":70,"column":7}},"17":{"start":{"line":66,"column":6},"end":{"line":66,"column":33}},"18":{"start":{"line":69,"column":6},"end":{"line":69,"column":23}},"19":{"start":{"line":73,"column":0},"end":{"line":85,"column":1}},"20":{"start":{"line":74,"column":2},"end":{"line":77,"column":38}},"21":{"start":{"line":78,"column":2},"end":{"line":84,"column":7}},"22":{"start":{"line":80,"column":6},"end":{"line":80,"column":33}},"23":{"start":{"line":83,"column":6},"end":{"line":83,"column":23}},"24":{"start":{"line":87,"column":0},"end":{"line":100,"column":1}},"25":{"start":{"line":88,"column":2},"end":{"line":92,"column":38}},"26":{"start":{"line":93,"column":2},"end":{"line":99,"column":7}},"27":{"start":{"line":95,"column":6},"end":{"line":95,"column":33}},"28":{"start":{"line":98,"column":6},"end":{"line":98,"column":23}},"29":{"start":{"line":102,"column":0},"end":{"line":115,"column":1}},"30":{"start":{"line":103,"column":2},"end":{"line":107,"column":38}},"31":{"start":{"line":108,"column":2},"end":{"line":114,"column":7}},"32":{"start":{"line":110,"column":6},"end":{"line":110,"column":33}},"33":{"start":{"line":113,"column":6},"end":{"line":113,"column":23}},"34":{"start":{"line":117,"column":0},"end":{"line":146,"column":1}},"35":{"start":{"line":118,"column":2},"end":{"line":138,"column":37}},"36":{"start":{"line":139,"column":2},"end":{"line":145,"column":7}},"37":{"start":{"line":141,"column":6},"end":{"line":141,"column":32}},"38":{"start":{"line":144,"column":6},"end":{"line":144,"column":23}},"39":{"start":{"line":148,"column":0},"end":{"line":159,"column":1}},"40":{"start":{"line":149,"column":2},"end":{"line":151,"column":32}},"41":{"start":{"line":152,"column":2},"end":{"line":158,"column":7}},"42":{"start":{"line":154,"column":6},"end":{"line":154,"column":36}},"43":{"start":{"line":157,"column":6},"end":{"line":157,"column":23}},"44":{"start":{"line":161,"column":0},"end":{"line":173,"column":1}},"45":{"start":{"line":162,"column":2},"end":{"line":165,"column":53}},"46":{"start":{"line":166,"column":2},"end":{"line":172,"column":7}},"47":{"start":{"line":168,"column":6},"end":{"line":168,"column":26}},"48":{"start":{"line":171,"column":6},"end":{"line":171,"column":23}},"49":{"start":{"line":175,"column":0},"end":{"line":188,"column":1}},"50":{"start":{"line":176,"column":4},"end":{"line":180,"column":41}},"51":{"start":{"line":181,"column":4},"end":{"line":187,"column":9}},"52":{"start":{"line":183,"column":10},"end":{"line":183,"column":30}},"53":{"start":{"line":186,"column":10},"end":{"line":186,"column":27}},"54":{"start":{"line":190,"column":0},"end":{"line":201,"column":1}},"55":{"start":{"line":191,"column":2},"end":{"line":193,"column":30}},"56":{"start":{"line":194,"column":2},"end":{"line":200,"column":7}},"57":{"start":{"line":196,"column":6},"end":{"line":196,"column":26}},"58":{"start":{"line":199,"column":6},"end":{"line":199,"column":23}},"59":{"start":{"line":203,"column":0},"end":{"line":223,"column":1}},"60":{"start":{"line":204,"column":4},"end":{"line":213,"column":32}},"61":{"start":{"line":214,"column":4},"end":{"line":222,"column":11}},"62":{"start":{"line":218,"column":12},"end":{"line":218,"column":32}},"63":{"start":{"line":221,"column":12},"end":{"line":221,"column":29}},"64":{"start":{"line":226,"column":0},"end":{"line":232,"column":1}},"65":{"start":{"line":227,"column":2},"end":{"line":227,"column":16}},"66":{"start":{"line":228,"column":2},"end":{"line":228,"column":34}},"67":{"start":{"line":229,"column":2},"end":{"line":229,"column":32}},"68":{"start":{"line":230,"column":2},"end":{"line":230,"column":31}},"69":{"start":{"line":231,"column":2},"end":{"line":231,"column":31}},"70":{"start":{"line":234,"column":0},"end":{"line":238,"column":1}},"71":{"start":{"line":235,"column":2},"end":{"line":235,"column":16}},"72":{"start":{"line":236,"column":2},"end":{"line":236,"column":34}},"73":{"start":{"line":237,"column":2},"end":{"line":237,"column":37}},"74":{"start":{"line":240,"column":0},"end":{"line":244,"column":1}},"75":{"start":{"line":241,"column":2},"end":{"line":241,"column":16}},"76":{"start":{"line":242,"column":2},"end":{"line":242,"column":34}},"77":{"start":{"line":243,"column":2},"end":{"line":243,"column":39}},"78":{"start":{"line":246,"column":0},"end":{"line":250,"column":1}},"79":{"start":{"line":247,"column":2},"end":{"line":247,"column":16}},"80":{"start":{"line":248,"column":2},"end":{"line":248,"column":34}},"81":{"start":{"line":249,"column":2},"end":{"line":249,"column":38}},"82":{"start":{"line":252,"column":0},"end":{"line":256,"column":1}},"83":{"start":{"line":253,"column":2},"end":{"line":253,"column":16}},"84":{"start":{"line":254,"column":2},"end":{"line":254,"column":34}},"85":{"start":{"line":255,"column":2},"end":{"line":255,"column":41}},"86":{"start":{"line":258,"column":0},"end":{"line":262,"column":1}},"87":{"start":{"line":259,"column":2},"end":{"line":259,"column":16}},"88":{"start":{"line":260,"column":2},"end":{"line":260,"column":34}},"89":{"start":{"line":261,"column":2},"end":{"line":261,"column":36}},"90":{"start":{"line":264,"column":0},"end":{"line":268,"column":1}},"91":{"start":{"line":265,"column":2},"end":{"line":265,"column":16}},"92":{"start":{"line":266,"column":2},"end":{"line":266,"column":34}},"93":{"start":{"line":267,"column":2},"end":{"line":267,"column":44}},"94":{"start":{"line":270,"column":0},"end":{"line":274,"column":1}},"95":{"start":{"line":271,"column":2},"end":{"line":271,"column":16}},"96":{"start":{"line":272,"column":2},"end":{"line":272,"column":34}},"97":{"start":{"line":273,"column":2},"end":{"line":273,"column":34}},"98":{"start":{"line":276,"column":0},"end":{"line":280,"column":1}},"99":{"start":{"line":277,"column":2},"end":{"line":277,"column":16}},"100":{"start":{"line":278,"column":2},"end":{"line":278,"column":34}},"101":{"start":{"line":279,"column":2},"end":{"line":279,"column":37}},"102":{"start":{"line":282,"column":0},"end":{"line":286,"column":1}},"103":{"start":{"line":283,"column":2},"end":{"line":283,"column":16}},"104":{"start":{"line":284,"column":2},"end":{"line":284,"column":34}},"105":{"start":{"line":285,"column":2},"end":{"line":285,"column":45}},"106":{"start":{"line":288,"column":0},"end":{"line":292,"column":1}},"107":{"start":{"line":289,"column":2},"end":{"line":289,"column":16}},"108":{"start":{"line":290,"column":2},"end":{"line":290,"column":34}},"109":{"start":{"line":291,"column":2},"end":{"line":291,"column":36}},"110":{"start":{"line":294,"column":0},"end":{"line":320,"column":2}}},"branchMap":{}},"/home/ubuntu/Date-A-Dog/api/www/js/address.js":{"path":"/home/ubuntu/Date-A-Dog/api/www/js/address.js","s":{"1":1,"2":14,"3":14,"4":14,"5":14,"6":14,"7":14,"8":1,"9":1,"10":0},"b":{"1":[1,0],"2":[1,1]},"f":{"1":14},"fnMap":{"1":{"name":"(anonymous_1)","line":5,"loc":{"start":{"line":5,"column":14},"end":{"line":5,"column":53}}}},"statementMap":{"1":{"start":{"line":5,"column":0},"end":{"line":13,"column":2}},"2":{"start":{"line":7,"column":2},"end":{"line":7,"column":19}},"3":{"start":{"line":8,"column":2},"end":{"line":8,"column":26}},"4":{"start":{"line":9,"column":2},"end":{"line":9,"column":22}},"5":{"start":{"line":10,"column":2},"end":{"line":10,"column":24}},"6":{"start":{"line":11,"column":2},"end":{"line":11,"column":28}},"7":{"start":{"line":12,"column":2},"end":{"line":12,"column":17}},"8":{"start":{"line":15,"column":0},"end":{"line":19,"column":1}},"9":{"start":{"line":16,"column":1},"end":{"line":16,"column":26}},"10":{"start":{"line":18,"column":2},"end":{"line":18,"column":27}}},"branchMap":{"1":{"line":15,"type":"if","locations":[{"start":{"line":15,"column":0},"end":{"line":15,"column":0}},{"start":{"line":15,"column":0},"end":{"line":15,"column":0}}]},"2":{"line":15,"type":"binary-expr","locations":[{"start":{"line":15,"column":4},"end":{"line":15,"column":33}},{"start":{"line":15,"column":37},"end":{"line":15,"column":74}}]}}},"/home/ubuntu/Date-A-Dog/api/www/js/daterequest.js":{"path":"/home/ubuntu/Date-A-Dog/api/www/js/daterequest.js","s":{"1":1,"2":14,"3":14,"4":14,"5":14,"6":14,"7":14,"8":14,"9":1,"10":1,"11":0},"b":{"1":[1,0],"2":[1,1]},"f":{"1":14},"fnMap":{"1":{"name":"(anonymous_1)","line":6,"loc":{"start":{"line":6,"column":14},"end":{"line":6,"column":78}}}},"statementMap":{"1":{"start":{"line":6,"column":0},"end":{"line":17,"column":2}},"2":{"start":{"line":7,"column":2},"end":{"line":7,"column":19}},"3":{"start":{"line":10,"column":2},"end":{"line":10,"column":25}},"4":{"start":{"line":11,"column":2},"end":{"line":11,"column":36}},"5":{"start":{"line":12,"column":2},"end":{"line":12,"column":38}},"6":{"start":{"line":13,"column":2},"end":{"line":13,"column":34}},"7":{"start":{"line":14,"column":2},"end":{"line":14,"column":32}},"8":{"start":{"line":16,"column":2},"end":{"line":16,"column":17}},"9":{"start":{"line":19,"column":0},"end":{"line":23,"column":1}},"10":{"start":{"line":20,"column":1},"end":{"line":20,"column":30}},"11":{"start":{"line":22,"column":2},"end":{"line":22,"column":35}}},"branchMap":{"1":{"line":19,"type":"if","locations":[{"start":{"line":19,"column":0},"end":{"line":19,"column":0}},{"start":{"line":19,"column":0},"end":{"line":19,"column":0}}]},"2":{"line":19,"type":"binary-expr","locations":[{"start":{"line":19,"column":4},"end":{"line":19,"column":33}},{"start":{"line":19,"column":37},"end":{"line":19,"column":74}}]}}},"/home/ubuntu/Date-A-Dog/api/www/js/daterprofile.js":{"path":"/home/ubuntu/Date-A-Dog/api/www/js/daterprofile.js","s":{"1":1,"2":14,"3":14,"4":14,"5":14,"6":14,"7":14,"8":14,"9":1,"10":1,"11":0},"b":{"1":[1,0],"2":[1,1]},"f":{"1":14},"fnMap":{"1":{"name":"(anonymous_1)","line":5,"loc":{"start":{"line":5,"column":18},"end":{"line":5,"column":63}}}},"statementMap":{"1":{"start":{"line":5,"column":0},"end":{"line":15,"column":1}},"2":{"start":{"line":7,"column":2},"end":{"line":7,"column":19}},"3":{"start":{"line":8,"column":2},"end":{"line":8,"column":24}},"4":{"start":{"line":9,"column":2},"end":{"line":9,"column":24}},"5":{"start":{"line":10,"column":2},"end":{"line":10,"column":24}},"6":{"start":{"line":11,"column":2},"end":{"line":11,"column":24}},"7":{"start":{"line":12,"column":2},"end":{"line":12,"column":28}},"8":{"start":{"line":14,"column":2},"end":{"line":14,"column":17}},"9":{"start":{"line":16,"column":0},"end":{"line":20,"column":1}},"10":{"start":{"line":17,"column":1},"end":{"line":17,"column":31}},"11":{"start":{"line":19,"column":2},"end":{"line":19,"column":37}}},"branchMap":{"1":{"line":16,"type":"if","locations":[{"start":{"line":16,"column":0},"end":{"line":16,"column":0}},{"start":{"line":16,"column":0},"end":{"line":16,"column":0}}]},"2":{"line":16,"type":"binary-expr","locations":[{"start":{"line":16,"column":4},"end":{"line":16,"column":33}},{"start":{"line":16,"column":37},"end":{"line":16,"column":74}}]}}},"/home/ubuntu/Date-A-Dog/api/www/js/dogprofile.js":{"path":"/home/ubuntu/Date-A-Dog/api/www/js/dogprofile.js","s":{"1":1,"2":14,"3":14,"4":14,"5":14,"6":14,"7":14,"8":14,"9":1,"10":1,"11":0},"b":{"1":[1,0],"2":[1,1]},"f":{"1":14},"fnMap":{"1":{"name":"(anonymous_1)","line":7,"loc":{"start":{"line":7,"column":17},"end":{"line":7,"column":59}}}},"statementMap":{"1":{"start":{"line":7,"column":0},"end":{"line":19,"column":2}},"2":{"start":{"line":9,"column":2},"end":{"line":9,"column":19}},"3":{"start":{"line":12,"column":2},"end":{"line":12,"column":27}},"4":{"start":{"line":13,"column":2},"end":{"line":13,"column":26}},"5":{"start":{"line":14,"column":2},"end":{"line":14,"column":25}},"6":{"start":{"line":15,"column":2},"end":{"line":15,"column":25}},"7":{"start":{"line":16,"column":2},"end":{"line":16,"column":30}},"8":{"start":{"line":18,"column":2},"end":{"line":18,"column":17}},"9":{"start":{"line":20,"column":0},"end":{"line":24,"column":1}},"10":{"start":{"line":21,"column":1},"end":{"line":21,"column":29}},"11":{"start":{"line":23,"column":2},"end":{"line":23,"column":33}}},"branchMap":{"1":{"line":20,"type":"if","locations":[{"start":{"line":20,"column":0},"end":{"line":20,"column":0}},{"start":{"line":20,"column":0},"end":{"line":20,"column":0}}]},"2":{"line":20,"type":"binary-expr","locations":[{"start":{"line":20,"column":4},"end":{"line":20,"column":33}},{"start":{"line":20,"column":37},"end":{"line":20,"column":74}}]}}},"/home/ubuntu/Date-A-Dog/api/www/js/shelter.js":{"path":"/home/ubuntu/Date-A-Dog/api/www/js/shelter.js","s":{"1":1,"2":1,"3":1,"4":1,"5":1,"6":1,"7":1,"8":7,"9":1,"10":6,"11":6,"12":6,"13":6,"14":6,"15":6,"16":9,"17":0,"18":0,"19":0,"20":0,"21":0,"22":0,"23":0,"24":0,"25":0,"26":0,"27":0,"28":0,"29":9,"30":2,"31":9,"32":9,"33":9,"34":6,"35":7,"36":2,"37":5,"38":6,"39":7,"40":2,"41":5,"42":6,"43":0,"44":0,"45":0,"46":0,"47":0,"48":0,"49":0,"50":0,"51":1,"52":10,"53":10,"54":16,"55":16,"56":4,"57":12,"58":4,"59":10,"60":1,"61":9,"62":9,"63":12,"64":12,"65":12,"66":12,"67":12,"68":12,"69":9,"70":1,"71":12,"72":12,"73":12,"74":12,"75":12,"76":12,"77":12,"78":12,"79":12,"80":6,"81":1,"82":1,"83":0},"b":{"1":[1,0],"2":[1,6],"3":[7,7],"4":[6,1],"5":[0,9],"6":[0,0],"7":[0,0],"8":[0,0],"9":[2,7],"10":[2,5],"11":[2,5],"12":[0,0],"13":[0,0],"14":[4,12],"15":[16,8],"16":[4,8],"17":[12,8],"18":[6,6],"19":[12,0],"20":[1,0],"21":[1,1]},"f":{"1":7,"2":9,"3":0,"4":7,"5":7,"6":0,"7":0,"8":10,"9":9,"10":12},"fnMap":{"1":{"name":"(anonymous_1)","line":18,"loc":{"start":{"line":18,"column":14},"end":{"line":18,"column":49}}},"2":{"name":"(anonymous_2)","line":50,"loc":{"start":{"line":50,"column":31},"end":{"line":50,"column":50}}},"3":{"name":"(anonymous_3)","line":54,"loc":{"start":{"line":54,"column":39},"end":{"line":54,"column":50}}},"4":{"name":"(anonymous_4)","line":92,"loc":{"start":{"line":92,"column":31},"end":{"line":92,"column":42}}},"5":{"name":"(anonymous_5)","line":108,"loc":{"start":{"line":108,"column":31},"end":{"line":108,"column":42}}},"6":{"name":"(anonymous_6)","line":119,"loc":{"start":{"line":119,"column":32},"end":{"line":119,"column":63}}},"7":{"name":"(anonymous_7)","line":121,"loc":{"start":{"line":121,"column":37},"end":{"line":121,"column":48}}},"8":{"name":"filterDateRequests","line":143,"loc":{"start":{"line":143,"column":2},"end":{"line":143,"column":40}}},"9":{"name":"extractDateRequestProperties","line":195,"loc":{"start":{"line":195,"column":2},"end":{"line":195,"column":46}}},"10":{"name":"epochToString","line":239,"loc":{"start":{"line":239,"column":2},"end":{"line":239,"column":32}}}},"statementMap":{"1":{"start":{"line":3,"column":0},"end":{"line":9,"column":1}},"2":{"start":{"line":4,"column":1},"end":{"line":4,"column":24}},"3":{"start":{"line":5,"column":1},"end":{"line":5,"column":46}},"4":{"start":{"line":6,"column":1},"end":{"line":6,"column":42}},"5":{"start":{"line":7,"column":1},"end":{"line":7,"column":44}},"6":{"start":{"line":8,"column":1},"end":{"line":8,"column":36}},"7":{"start":{"line":18,"column":0},"end":{"line":254,"column":2}},"8":{"start":{"line":20,"column":2},"end":{"line":22,"column":3}},"9":{"start":{"line":21,"column":4},"end":{"line":21,"column":80}},"10":{"start":{"line":25,"column":2},"end":{"line":25,"column":31}},"11":{"start":{"line":27,"column":2},"end":{"line":27,"column":21}},"12":{"start":{"line":29,"column":2},"end":{"line":29,"column":57}},"13":{"start":{"line":31,"column":2},"end":{"line":31,"column":19}},"14":{"start":{"line":34,"column":2},"end":{"line":34,"column":50}},"15":{"start":{"line":50,"column":2},"end":{"line":82,"column":4}},"16":{"start":{"line":51,"column":4},"end":{"line":81,"column":5}},"17":{"start":{"line":53,"column":6},"end":{"line":53,"column":45}},"18":{"start":{"line":54,"column":6},"end":{"line":64,"column":8}},"19":{"start":{"line":55,"column":8},"end":{"line":63,"column":9}},"20":{"start":{"line":56,"column":10},"end":{"line":56,"column":58}},"21":{"start":{"line":57,"column":10},"end":{"line":62,"column":11}},"22":{"start":{"line":59,"column":12},"end":{"line":59,"column":30}},"23":{"start":{"line":60,"column":12},"end":{"line":60,"column":62}},"24":{"start":{"line":61,"column":12},"end":{"line":61,"column":23}},"25":{"start":{"line":66,"column":6},"end":{"line":66,"column":58}},"26":{"start":{"line":67,"column":6},"end":{"line":67,"column":85}},"27":{"start":{"line":68,"column":6},"end":{"line":68,"column":58}},"28":{"start":{"line":69,"column":6},"end":{"line":69,"column":41}},"29":{"start":{"line":73,"column":6},"end":{"line":76,"column":7}},"30":{"start":{"line":75,"column":8},"end":{"line":75,"column":59}},"31":{"start":{"line":78,"column":6},"end":{"line":78,"column":54}},"32":{"start":{"line":79,"column":6},"end":{"line":79,"column":44}},"33":{"start":{"line":80,"column":6},"end":{"line":80,"column":63}},"34":{"start":{"line":92,"column":2},"end":{"line":98,"column":4}},"35":{"start":{"line":93,"column":4},"end":{"line":95,"column":5}},"36":{"start":{"line":94,"column":6},"end":{"line":94,"column":84}},"37":{"start":{"line":97,"column":4},"end":{"line":97,"column":46}},"38":{"start":{"line":108,"column":2},"end":{"line":114,"column":4}},"39":{"start":{"line":109,"column":4},"end":{"line":111,"column":5}},"40":{"start":{"line":110,"column":6},"end":{"line":110,"column":84}},"41":{"start":{"line":113,"column":4},"end":{"line":113,"column":46}},"42":{"start":{"line":119,"column":2},"end":{"line":131,"column":4}},"43":{"start":{"line":120,"column":4},"end":{"line":120,"column":43}},"44":{"start":{"line":121,"column":4},"end":{"line":125,"column":6}},"45":{"start":{"line":122,"column":6},"end":{"line":124,"column":7}},"46":{"start":{"line":123,"column":8},"end":{"line":123,"column":75}},"47":{"start":{"line":127,"column":4},"end":{"line":127,"column":57}},"48":{"start":{"line":128,"column":4},"end":{"line":128,"column":83}},"49":{"start":{"line":129,"column":4},"end":{"line":129,"column":56}},"50":{"start":{"line":130,"column":4},"end":{"line":130,"column":77}},"51":{"start":{"line":143,"column":2},"end":{"line":158,"column":3}},"52":{"start":{"line":144,"column":4},"end":{"line":144,"column":25}},"53":{"start":{"line":146,"column":4},"end":{"line":156,"column":5}},"54":{"start":{"line":147,"column":6},"end":{"line":147,"column":42}},"55":{"start":{"line":149,"column":6},"end":{"line":155,"column":7}},"56":{"start":{"line":151,"column":8},"end":{"line":151,"column":42}},"57":{"start":{"line":152,"column":13},"end":{"line":155,"column":7}},"58":{"start":{"line":154,"column":8},"end":{"line":154,"column":42}},"59":{"start":{"line":157,"column":4},"end":{"line":157,"column":23}},"60":{"start":{"line":195,"column":2},"end":{"line":229,"column":3}},"61":{"start":{"line":196,"column":4},"end":{"line":196,"column":27}},"62":{"start":{"line":199,"column":4},"end":{"line":226,"column":5}},"63":{"start":{"line":200,"column":6},"end":{"line":200,"column":22}},"64":{"start":{"line":203,"column":6},"end":{"line":206,"column":40}},"65":{"start":{"line":208,"column":6},"end":{"line":212,"column":41}},"66":{"start":{"line":214,"column":6},"end":{"line":218,"column":53}},"67":{"start":{"line":220,"column":6},"end":{"line":223,"column":56}},"68":{"start":{"line":225,"column":6},"end":{"line":225,"column":40}},"69":{"start":{"line":228,"column":4},"end":{"line":228,"column":25}},"70":{"start":{"line":239,"column":2},"end":{"line":251,"column":3}},"71":{"start":{"line":240,"column":4},"end":{"line":240,"column":35}},"72":{"start":{"line":241,"column":4},"end":{"line":241,"column":34}},"73":{"start":{"line":242,"column":4},"end":{"line":242,"column":29}},"74":{"start":{"line":243,"column":4},"end":{"line":243,"column":33}},"75":{"start":{"line":244,"column":4},"end":{"line":244,"column":36}},"76":{"start":{"line":245,"column":4},"end":{"line":245,"column":37}},"77":{"start":{"line":247,"column":4},"end":{"line":247,"column":40}},"78":{"start":{"line":248,"column":4},"end":{"line":248,"column":44}},"79":{"start":{"line":250,"column":4},"end":{"line":250,"column":68}},"80":{"start":{"line":253,"column":2},"end":{"line":253,"column":17}},"81":{"start":{"line":256,"column":0},"end":{"line":260,"column":1}},"82":{"start":{"line":257,"column":1},"end":{"line":257,"column":26}},"83":{"start":{"line":259,"column":2},"end":{"line":259,"column":27}}},"branchMap":{"1":{"line":3,"type":"if","locations":[{"start":{"line":3,"column":0},"end":{"line":3,"column":0}},{"start":{"line":3,"column":0},"end":{"line":3,"column":0}}]},"2":{"line":20,"type":"if","locations":[{"start":{"line":20,"column":2},"end":{"line":20,"column":2}},{"start":{"line":20,"column":2},"end":{"line":20,"column":2}}]},"3":{"line":20,"type":"binary-expr","locations":[{"start":{"line":20,"column":6},"end":{"line":20,"column":19}},{"start":{"line":20,"column":23},"end":{"line":20,"column":43}}]},"4":{"line":34,"type":"binary-expr","locations":[{"start":{"line":34,"column":24},"end":{"line":34,"column":40}},{"start":{"line":34,"column":44},"end":{"line":34,"column":49}}]},"5":{"line":51,"type":"if","locations":[{"start":{"line":51,"column":4},"end":{"line":51,"column":4}},{"start":{"line":51,"column":4},"end":{"line":51,"column":4}}]},"6":{"line":55,"type":"if","locations":[{"start":{"line":55,"column":8},"end":{"line":55,"column":8}},{"start":{"line":55,"column":8},"end":{"line":55,"column":8}}]},"7":{"line":55,"type":"binary-expr","locations":[{"start":{"line":55,"column":12},"end":{"line":55,"column":40}},{"start":{"line":55,"column":44},"end":{"line":55,"column":70}}]},"8":{"line":57,"type":"if","locations":[{"start":{"line":57,"column":10},"end":{"line":57,"column":10}},{"start":{"line":57,"column":10},"end":{"line":57,"column":10}}]},"9":{"line":73,"type":"if","locations":[{"start":{"line":73,"column":6},"end":{"line":73,"column":6}},{"start":{"line":73,"column":6},"end":{"line":73,"column":6}}]},"10":{"line":93,"type":"if","locations":[{"start":{"line":93,"column":4},"end":{"line":93,"column":4}},{"start":{"line":93,"column":4},"end":{"line":93,"column":4}}]},"11":{"line":109,"type":"if","locations":[{"start":{"line":109,"column":4},"end":{"line":109,"column":4}},{"start":{"line":109,"column":4},"end":{"line":109,"column":4}}]},"12":{"line":122,"type":"if","locations":[{"start":{"line":122,"column":6},"end":{"line":122,"column":6}},{"start":{"line":122,"column":6},"end":{"line":122,"column":6}}]},"13":{"line":122,"type":"binary-expr","locations":[{"start":{"line":122,"column":10},"end":{"line":122,"column":38}},{"start":{"line":122,"column":42},"end":{"line":122,"column":68}}]},"14":{"line":149,"type":"if","locations":[{"start":{"line":149,"column":6},"end":{"line":149,"column":6}},{"start":{"line":149,"column":6},"end":{"line":149,"column":6}}]},"15":{"line":149,"type":"binary-expr","locations":[{"start":{"line":149,"column":10},"end":{"line":149,"column":36}},{"start":{"line":149,"column":40},"end":{"line":149,"column":53}}]},"16":{"line":152,"type":"if","locations":[{"start":{"line":152,"column":13},"end":{"line":152,"column":13}},{"start":{"line":152,"column":13},"end":{"line":152,"column":13}}]},"17":{"line":152,"type":"binary-expr","locations":[{"start":{"line":152,"column":17},"end":{"line":152,"column":43}},{"start":{"line":152,"column":47},"end":{"line":152,"column":60}}]},"18":{"line":247,"type":"cond-expr","locations":[{"start":{"line":247,"column":27},"end":{"line":247,"column":35}},{"start":{"line":247,"column":37},"end":{"line":247,"column":39}}]},"19":{"line":248,"type":"cond-expr","locations":[{"start":{"line":248,"column":29},"end":{"line":248,"column":38}},{"start":{"line":248,"column":40},"end":{"line":248,"column":43}}]},"20":{"line":256,"type":"if","locations":[{"start":{"line":256,"column":0},"end":{"line":256,"column":0}},{"start":{"line":256,"column":0},"end":{"line":256,"column":0}}]},"21":{"line":256,"type":"binary-expr","locations":[{"start":{"line":256,"column":4},"end":{"line":256,"column":33}},{"start":{"line":256,"column":37},"end":{"line":256,"column":74}}]}}}}