TN:
SF:/home/ubuntu/Date-A-Dog/api/www/js/address.js
FN:5,(anonymous_1)
FNF:1
FNH:1
FNDA:14,(anonymous_1)
DA:5,1
DA:7,14
DA:8,14
DA:9,14
DA:10,14
DA:11,14
DA:12,14
DA:15,1
DA:16,1
DA:18,0
LF:10
LH:9
BRDA:15,1,0,1
BRDA:15,1,1,0
BRDA:15,2,0,1
BRDA:15,2,1,1
BRF:4
BRH:3
end_of_record
TN:
SF:/home/ubuntu/Date-A-Dog/api/www/js/daterequest.js
FN:6,(anonymous_1)
FNF:1
FNH:1
FNDA:14,(anonymous_1)
DA:6,1
DA:7,14
DA:10,14
DA:11,14
DA:12,14
DA:13,14
DA:14,14
DA:16,14
DA:19,1
DA:20,1
DA:22,0
LF:11
LH:10
BRDA:19,1,0,1
BRDA:19,1,1,0
BRDA:19,2,0,1
BRDA:19,2,1,1
BRF:4
BRH:3
end_of_record
TN:
SF:/home/ubuntu/Date-A-Dog/api/www/js/daterprofile.js
FN:5,(anonymous_1)
FNF:1
FNH:1
FNDA:14,(anonymous_1)
DA:5,1
DA:7,14
DA:8,14
DA:9,14
DA:10,14
DA:11,14
DA:12,14
DA:14,14
DA:16,1
DA:17,1
DA:19,0
LF:11
LH:10
BRDA:16,1,0,1
BRDA:16,1,1,0
BRDA:16,2,0,1
BRDA:16,2,1,1
BRF:4
BRH:3
end_of_record
TN:
SF:/home/ubuntu/Date-A-Dog/api/www/js/dogprofile.js
FN:7,(anonymous_1)
FNF:1
FNH:1
FNDA:14,(anonymous_1)
DA:7,1
DA:9,14
DA:12,14
DA:13,14
DA:14,14
DA:15,14
DA:16,14
DA:18,14
DA:20,1
DA:21,1
DA:23,0
LF:11
LH:10
BRDA:20,1,0,1
BRDA:20,1,1,0
BRDA:20,2,0,1
BRDA:20,2,1,1
BRF:4
BRH:3
end_of_record
TN:
SF:/home/ubuntu/Date-A-Dog/api/www/js/shelter.js
FN:18,(anonymous_1)
FN:50,(anonymous_2)
FN:54,(anonymous_3)
FN:92,(anonymous_4)
FN:108,(anonymous_5)
FN:119,(anonymous_6)
FN:121,(anonymous_7)
FN:143,filterDateRequests
FN:195,extractDateRequestProperties
FN:239,epochToString
FNF:10
FNH:7
FNDA:7,(anonymous_1)
FNDA:9,(anonymous_2)
FNDA:0,(anonymous_3)
FNDA:7,(anonymous_4)
FNDA:7,(anonymous_5)
FNDA:0,(anonymous_6)
FNDA:0,(anonymous_7)
FNDA:10,filterDateRequests
FNDA:9,extractDateRequestProperties
FNDA:12,epochToString
DA:3,1
DA:4,1
DA:5,1
DA:6,1
DA:7,1
DA:8,1
DA:18,1
DA:20,7
DA:21,1
DA:25,6
DA:27,6
DA:29,6
DA:31,6
DA:34,6
DA:50,6
DA:51,9
DA:53,0
DA:54,0
DA:55,0
DA:56,0
DA:57,0
DA:59,0
DA:60,0
DA:61,0
DA:66,0
DA:67,0
DA:68,0
DA:69,0
DA:73,9
DA:75,2
DA:78,9
DA:79,9
DA:80,9
DA:92,6
DA:93,7
DA:94,2
DA:97,5
DA:108,6
DA:109,7
DA:110,2
DA:113,5
DA:119,6
DA:120,0
DA:121,0
DA:122,0
DA:123,0
DA:127,0
DA:128,0
DA:129,0
DA:130,0
DA:143,1
DA:144,10
DA:146,10
DA:147,16
DA:149,16
DA:151,4
DA:152,12
DA:154,4
DA:157,10
DA:195,1
DA:196,9
DA:199,9
DA:200,12
DA:203,12
DA:208,12
DA:214,12
DA:220,12
DA:225,12
DA:228,9
DA:239,1
DA:240,12
DA:241,12
DA:242,12
DA:243,12
DA:244,12
DA:245,12
DA:247,12
DA:248,12
DA:250,12
DA:253,6
DA:256,1
DA:257,1
DA:259,0
LF:83
LH:62
BRDA:3,1,0,1
BRDA:3,1,1,0
BRDA:20,2,0,1
BRDA:20,2,1,6
BRDA:20,3,0,7
BRDA:20,3,1,7
BRDA:34,4,0,6
BRDA:34,4,1,1
BRDA:51,5,0,0
BRDA:51,5,1,9
BRDA:55,6,0,0
BRDA:55,6,1,0
BRDA:55,7,0,0
BRDA:55,7,1,0
BRDA:57,8,0,0
BRDA:57,8,1,0
BRDA:73,9,0,2
BRDA:73,9,1,7
BRDA:93,10,0,2
BRDA:93,10,1,5
BRDA:109,11,0,2
BRDA:109,11,1,5
BRDA:122,12,0,0
BRDA:122,12,1,0
BRDA:122,13,0,0
BRDA:122,13,1,0
BRDA:149,14,0,4
BRDA:149,14,1,12
BRDA:149,15,0,16
BRDA:149,15,1,8
BRDA:152,16,0,4
BRDA:152,16,1,8
BRDA:152,17,0,12
BRDA:152,17,1,8
BRDA:247,18,0,6
BRDA:247,18,1,6
BRDA:248,19,0,12
BRDA:248,19,1,0
BRDA:256,20,0,1
BRDA:256,20,1,0
BRDA:256,21,0,1
BRDA:256,21,1,1
BRF:42
BRH:28
end_of_record
