TN:
SF:/home/ubuntu/Date-A-Dog/api/app.js
FN:30,(anonymous_1)
FN:41,(anonymous_2)
FN:52,(anonymous_3)
FNF:3
FNH:0
FNDA:0,(anonymous_1)
FNDA:0,(anonymous_2)
FNDA:0,(anonymous_3)
DA:1,1
DA:2,1
DA:3,1
DA:4,1
DA:5,1
DA:6,1
DA:9,1
DA:11,1
DA:14,1
DA:15,1
DA:19,1
DA:20,1
DA:21,1
DA:22,1
DA:23,1
DA:26,1
DA:27,1
DA:30,1
DA:31,0
DA:32,0
DA:33,0
DA:40,1
DA:41,1
DA:42,0
DA:43,0
DA:52,1
DA:53,0
DA:54,0
DA:61,1
LF:29
LH:22
BRDA:40,1,0,1
BRDA:40,1,1,0
BRDA:42,2,0,0
BRDA:42,2,1,0
BRDA:53,3,0,0
BRDA:53,3,1,0
BRF:6
BRH:1
end_of_record
TN:
SF:/home/ubuntu/Date-A-Dog/api/routes/api.js
FN:7,(anonymous_1)
FNF:1
FNH:0
FNDA:0,(anonymous_1)
DA:1,1
DA:2,1
DA:3,1
DA:4,1
DA:7,1
DA:8,0
DA:12,1
DA:13,1
DA:14,1
DA:15,1
DA:16,1
DA:17,1
DA:18,1
DA:19,1
DA:20,1
DA:21,1
DA:22,1
DA:25,1
DA:26,1
DA:27,1
DA:28,1
DA:29,1
DA:30,1
DA:31,1
DA:32,1
DA:33,1
DA:34,1
DA:35,1
DA:37,1
LF:29
LH:28
BRF:0
BRH:0
end_of_record
TN:
SF:/home/ubuntu/Date-A-Dog/api/controllers/auth.js
FN:8,(anonymous_1)
FNF:1
FNH:0
FNDA:0,(anonymous_1)
DA:1,1
DA:2,1
DA:4,1
DA:10,0
DA:11,0
DA:12,0
DA:13,0
DA:14,0
DA:15,0
DA:19,1
LF:10
LH:4
BRF:0
BRH:0
end_of_record
TN:
SF:/home/ubuntu/Date-A-Dog/api/controllers/queries.js
FN:22,login
FN:28,(anonymous_2)
FN:43,(anonymous_3)
FN:46,(anonymous_4)
FN:50,(anonymous_5)
FN:55,getNextDogs
FN:65,(anonymous_7)
FN:68,(anonymous_8)
FN:73,getDogHistory
FN:79,(anonymous_10)
FN:82,(anonymous_11)
FN:87,getLikedDogs
FN:94,(anonymous_13)
FN:97,(anonymous_14)
FN:102,getDislikedDogs
FN:109,(anonymous_16)
FN:112,(anonymous_17)
FN:117,getShelterRequests
FN:140,(anonymous_19)
FN:143,(anonymous_20)
FN:148,getShelter
FN:153,(anonymous_22)
FN:156,(anonymous_23)
FN:161,judgeDog
FN:167,(anonymous_25)
FN:170,(anonymous_26)
FN:175,requestDate
FN:182,(anonymous_28)
FN:185,(anonymous_29)
FN:190,updateRequestStatus
FN:195,(anonymous_31)
FN:198,(anonymous_32)
FN:203,updateUser
FN:217,(anonymous_34)
FN:220,(anonymous_35)
FN:226,loginTest
FN:234,getNextDogsTest
FN:240,getDogHistoryTest
FN:246,getLikedDogsTest
FN:252,getDislikedDogsTest
FN:258,getShelterTest
FN:264,getShelterRequestsTest
FN:270,judgeDogTest
FN:276,requestDateTest
FN:282,updateRequestStatusTest
FN:288,updateUserTest
FNF:46
FNH:34
FNDA:2,login
FNDA:2,(anonymous_2)
FNDA:2,(anonymous_3)
FNDA:0,(anonymous_4)
FNDA:0,(anonymous_5)
FNDA:2,getNextDogs
FNDA:2,(anonymous_7)
FNDA:0,(anonymous_8)
FNDA:1,getDogHistory
FNDA:1,(anonymous_10)
FNDA:0,(anonymous_11)
FNDA:1,getLikedDogs
FNDA:1,(anonymous_13)
FNDA:0,(anonymous_14)
FNDA:1,getDislikedDogs
FNDA:1,(anonymous_16)
FNDA:0,(anonymous_17)
FNDA:2,getShelterRequests
FNDA:2,(anonymous_19)
FNDA:0,(anonymous_20)
FNDA:1,getShelter
FNDA:1,(anonymous_22)
FNDA:0,(anonymous_23)
FNDA:2,judgeDog
FNDA:2,(anonymous_25)
FNDA:0,(anonymous_26)
FNDA:1,requestDate
FNDA:1,(anonymous_28)
FNDA:0,(anonymous_29)
FNDA:1,updateRequestStatus
FNDA:1,(anonymous_31)
FNDA:0,(anonymous_32)
FNDA:2,updateUser
FNDA:2,(anonymous_34)
FNDA:0,(anonymous_35)
FNDA:2,loginTest
FNDA:2,getNextDogsTest
FNDA:1,getDogHistoryTest
FNDA:1,getLikedDogsTest
FNDA:1,getDislikedDogsTest
FNDA:1,getShelterTest
FNDA:2,getShelterRequestsTest
FNDA:2,judgeDogTest
FNDA:1,requestDateTest
FNDA:1,updateRequestStatusTest
FNDA:2,updateUserTest
DA:1,1
DA:3,1
DA:8,1
DA:11,1
DA:19,1
DA:22,1
DA:24,2
DA:27,2
DA:29,2
DA:42,2
DA:44,2
DA:47,0
DA:51,0
DA:55,1
DA:56,2
DA:64,2
DA:66,2
DA:69,0
DA:73,1
DA:74,1
DA:78,1
DA:80,1
DA:83,0
DA:87,1
DA:88,1
DA:93,1
DA:95,1
DA:98,0
DA:102,1
DA:103,1
DA:108,1
DA:110,1
DA:113,0
DA:117,1
DA:118,2
DA:139,2
DA:141,2
DA:144,0
DA:148,1
DA:149,1
DA:152,1
DA:154,1
DA:157,0
DA:161,1
DA:162,2
DA:166,2
DA:168,2
DA:171,0
DA:175,1
DA:176,1
DA:181,1
DA:183,1
DA:186,0
DA:190,1
DA:191,1
DA:194,1
DA:196,1
DA:199,0
DA:203,1
DA:204,2
DA:214,2
DA:218,2
DA:221,0
DA:226,1
DA:227,2
DA:228,2
DA:229,2
DA:230,2
DA:231,2
DA:234,1
DA:235,2
DA:236,2
DA:237,2
DA:240,1
DA:241,1
DA:242,1
DA:243,1
DA:246,1
DA:247,1
DA:248,1
DA:249,1
DA:252,1
DA:253,1
DA:254,1
DA:255,1
DA:258,1
DA:259,1
DA:260,1
DA:261,1
DA:264,1
DA:265,2
DA:266,2
DA:267,2
DA:270,1
DA:271,2
DA:272,2
DA:273,2
DA:276,1
DA:277,1
DA:278,1
DA:279,1
DA:282,1
DA:283,1
DA:284,1
DA:285,1
DA:288,1
DA:289,2
DA:290,2
DA:291,2
DA:294,1
LF:110
LH:98
BRF:0
BRH:0
end_of_record
TN:
SF:/home/ubuntu/Date-A-Dog/api/www/js/address.js
FN:5,(anonymous_1)
FNF:1
FNH:1
FNDA:14,(anonymous_1)
DA:5,1
DA:7,14
DA:8,14
DA:9,14
DA:10,14
DA:11,14
DA:12,14
DA:15,1
DA:16,1
DA:18,0
LF:10
LH:9
BRDA:15,1,0,1
BRDA:15,1,1,0
BRDA:15,2,0,1
BRDA:15,2,1,1
BRF:4
BRH:3
end_of_record
TN:
SF:/home/ubuntu/Date-A-Dog/api/www/js/daterequest.js
FN:6,(anonymous_1)
FNF:1
FNH:1
FNDA:14,(anonymous_1)
DA:6,1
DA:7,14
DA:10,14
DA:11,14
DA:12,14
DA:13,14
DA:14,14
DA:16,14
DA:19,1
DA:20,1
DA:22,0
LF:11
LH:10
BRDA:19,1,0,1
BRDA:19,1,1,0
BRDA:19,2,0,1
BRDA:19,2,1,1
BRF:4
BRH:3
end_of_record
TN:
SF:/home/ubuntu/Date-A-Dog/api/www/js/daterprofile.js
FN:5,(anonymous_1)
FNF:1
FNH:1
FNDA:14,(anonymous_1)
DA:5,1
DA:7,14
DA:8,14
DA:9,14
DA:10,14
DA:11,14
DA:12,14
DA:14,14
DA:16,1
DA:17,1
DA:19,0
LF:11
LH:10
BRDA:16,1,0,1
BRDA:16,1,1,0
BRDA:16,2,0,1
BRDA:16,2,1,1
BRF:4
BRH:3
end_of_record
TN:
SF:/home/ubuntu/Date-A-Dog/api/www/js/dogprofile.js
FN:7,(anonymous_1)
FNF:1
FNH:1
FNDA:14,(anonymous_1)
DA:7,1
DA:9,14
DA:12,14
DA:13,14
DA:14,14
DA:15,14
DA:16,14
DA:18,14
DA:20,1
DA:21,1
DA:23,0
LF:11
LH:10
BRDA:20,1,0,1
BRDA:20,1,1,0
BRDA:20,2,0,1
BRDA:20,2,1,1
BRF:4
BRH:3
end_of_record
TN:
SF:/home/ubuntu/Date-A-Dog/api/www/js/shelter.js
FN:18,(anonymous_1)
FN:50,(anonymous_2)
FN:54,(anonymous_3)
FN:92,(anonymous_4)
FN:108,(anonymous_5)
FN:119,(anonymous_6)
FN:121,(anonymous_7)
FN:143,filterDateRequests
FN:195,extractDateRequestProperties
FN:239,epochToString
FNF:10
FNH:7
FNDA:7,(anonymous_1)
FNDA:9,(anonymous_2)
FNDA:0,(anonymous_3)
FNDA:7,(anonymous_4)
FNDA:7,(anonymous_5)
FNDA:0,(anonymous_6)
FNDA:0,(anonymous_7)
FNDA:10,filterDateRequests
FNDA:9,extractDateRequestProperties
FNDA:12,epochToString
DA:3,1
DA:4,1
DA:5,1
DA:6,1
DA:7,1
DA:8,1
DA:18,1
DA:20,7
DA:21,1
DA:25,6
DA:27,6
DA:29,6
DA:31,6
DA:34,6
DA:50,6
DA:51,9
DA:53,0
DA:54,0
DA:55,0
DA:56,0
DA:57,0
DA:59,0
DA:60,0
DA:61,0
DA:66,0
DA:67,0
DA:68,0
DA:69,0
DA:73,9
DA:75,2
DA:78,9
DA:79,9
DA:80,9
DA:92,6
DA:93,7
DA:94,2
DA:97,5
DA:108,6
DA:109,7
DA:110,2
DA:113,5
DA:119,6
DA:120,0
DA:121,0
DA:122,0
DA:123,0
DA:127,0
DA:128,0
DA:129,0
DA:130,0
DA:143,1
DA:144,10
DA:146,10
DA:147,16
DA:149,16
DA:151,4
DA:152,12
DA:154,4
DA:157,10
DA:195,1
DA:196,9
DA:199,9
DA:200,12
DA:203,12
DA:208,12
DA:214,12
DA:220,12
DA:225,12
DA:228,9
DA:239,1
DA:240,12
DA:241,12
DA:242,12
DA:243,12
DA:244,12
DA:245,12
DA:247,12
DA:248,12
DA:250,12
DA:253,6
DA:256,1
DA:257,1
DA:259,0
LF:83
LH:62
BRDA:3,1,0,1
BRDA:3,1,1,0
BRDA:20,2,0,1
BRDA:20,2,1,6
BRDA:20,3,0,7
BRDA:20,3,1,7
BRDA:34,4,0,6
BRDA:34,4,1,1
BRDA:51,5,0,0
BRDA:51,5,1,9
BRDA:55,6,0,0
BRDA:55,6,1,0
BRDA:55,7,0,0
BRDA:55,7,1,0
BRDA:57,8,0,0
BRDA:57,8,1,0
BRDA:73,9,0,2
BRDA:73,9,1,7
BRDA:93,10,0,2
BRDA:93,10,1,5
BRDA:109,11,0,2
BRDA:109,11,1,5
BRDA:122,12,0,0
BRDA:122,12,1,0
BRDA:122,13,0,0
BRDA:122,13,1,0
BRDA:149,14,0,4
BRDA:149,14,1,12
BRDA:149,15,0,16
BRDA:149,15,1,8
BRDA:152,16,0,4
BRDA:152,16,1,8
BRDA:152,17,0,12
BRDA:152,17,1,8
BRDA:247,18,0,6
BRDA:247,18,1,6
BRDA:248,19,0,12
BRDA:248,19,1,0
BRDA:256,20,0,1
BRDA:256,20,1,0
BRDA:256,21,0,1
BRDA:256,21,1,1
BRF:42
BRH:28
end_of_record
